// Primitive groups, according to their degree (2-18)

[
    [ 1 ],
    [ 1, 2 ],
    [ 4, 5 ],
    [ 1, 2, 3, 4, 5 ],
    [ 14, 15, 16 ],
    [ 2, 4, 6, 7 ],
    [ 25, 36, 37, 43, 48, 49, 50 ],
    [ 14, 15, 19, 23, 26, 27, 32, 33, 34 ],
    [ 30, 35, 44, 45 ],
    [ 7, 8 ],
    [ 179, 218, 272, 295, 300, 301 ],
    [ 8, 9 ],
    [ 39, 62, 63 ],
    [ 103, 104 ],
    [ 1906, 1953, 1954 ],
    [ 9, 10 ],
    [ 982, 983 ]
]

// Blocks of size 2
[
    [ 1 ],
    [],
    [ 1, 2, 3 ],
    [],
    [ 2, 3, 8, 11 ],
    [],
    [ 3, 9, 13, 14, 17, 18, 19, 21, 22, 24, 26, 28, 29, 30, 31, 32, 35, 38, 39, 
    40, 44 ],
    [],
    [ 11, 12, 22, 25, 29, 36, 38, 39 ],
    [],
    [ 123, 180, 183, 219, 256, 257, 270, 277, 285, 286, 287, 293 ],
    [],
    [ 46, 47, 49, 54, 56, 57 ],
    [],
    [ 1506, 1803, 1804, 1805, 1838, 1839, 1842, 1843, 1844, 1873, 1878, 1902, 
    1916, 1938, 1944, 1945, 1946, 1948 ],
    [],
    [ 855, 887, 888, 913, 914, 965, 966, 968 ]
]

// 2 blocks
[
    [ 1 ],
    [],
    [ 1, 2, 3 ],
    [],
    [ 2, 3, 5, 9, 10, 13 ],
    [],
    [ 3, 9, 13, 14, 17, 18, 19, 21, 22, 24, 26, 28, 29, 30, 31, 33, 34, 35, 41, 
    42, 45, 46, 47 ],
    [],
    [ 11, 12, 17, 19, 20, 22, 27, 33, 40, 41, 42, 43 ],
    [],
    [ 123, 180, 181, 182, 183, 219, 220, 278, 279, 288, 296, 297, 298, 299 ],
    [],
    [ 46, 47, 49, 58, 59, 60, 61 ],
    [],
    [ 1078, 1502, 1693, 1798, 1799, 1801, 1802, 1838, 1839, 1860, 1861, 1873, 
    1882, 1883, 1903, 1940, 1949, 1950, 1951, 1952 ],
    [],
    [ 887, 888, 897, 913, 937, 938, 952, 978, 979, 980, 981 ]
]

// Admits both blocks of size 2 and 2 blocks
[
    [ 1 ],
    [],
    [ 1, 2, 3 ],
    [],
    [ 2, 3 ],
    [],
    [ 3, 9, 13, 14, 17, 18, 19, 21, 22, 24, 26, 28, 29, 30, 31, 35 ],
    [],
    [ 11, 12, 22 ],
    [],
    [ 123, 180, 183, 219 ],
    [],
    [ 46, 47, 49 ],
    [],
    [ 1838, 1839, 1873 ],
    [],
    [ 887, 888, 913 ]
]
